<?xml version="1.0" encoding="UTF-8"?>
<!-- Generated by org.testng.reporters.JUnitReportReporter -->
<testsuite hostname="DESKTOP-AJ9TNH1" failures="0" tests="1" name="tests.LoginTest" time="1.234" errors="0" timestamp="2023-07-29T22:01:45 EET" skipped="0">
  <testcase classname="tests.LoginTest" name="LoginSuccess" time="1.234"/>
  <system-out/>
</testsuite> <!-- tests.LoginTest -->
